0 info it worked if it ends with ok
1 verbose cli [ 'C:\\Program Files\\nodejs\\node.exe',
1 verbose cli   'C:\\Users\\nguyen.thanh.tuanb\\AppData\\Roaming\\npm\\node_modules\\npm\\bin\\npm-cli.js',
1 verbose cli   'start' ]
2 info using npm@4.0.5
3 info using node@v7.2.0
4 verbose config Skipping project config: C:\Users\nguyen.thanh.tuanb/.npmrc. (matches userconfig)
5 verbose stack Error: Failed to parse json
5 verbose stack Unexpected token '}' at 16:1
5 verbose stack }
5 verbose stack ^
5 verbose stack     at parseError (C:\Users\nguyen.thanh.tuanb\AppData\Roaming\npm\node_modules\npm\node_modules\read-package-json\read-json.js:390:11)
5 verbose stack     at parseJson (C:\Users\nguyen.thanh.tuanb\AppData\Roaming\npm\node_modules\npm\node_modules\read-package-json\read-json.js:79:23)
5 verbose stack     at C:\Users\nguyen.thanh.tuanb\AppData\Roaming\npm\node_modules\npm\node_modules\read-package-json\read-json.js:48:5
5 verbose stack     at C:\Users\nguyen.thanh.tuanb\AppData\Roaming\npm\node_modules\npm\node_modules\graceful-fs\graceful-fs.js:78:16
5 verbose stack     at tryToString (fs.js:425:3)
5 verbose stack     at FSReqWrap.readFileAfterClose [as oncomplete] (fs.js:412:12)
6 verbose cwd C:\Users\nguyen.thanh.tuanb\Desktop\Angular\Angularjs20
7 error Windows_NT 6.3.9600
8 error argv "C:\\Program Files\\nodejs\\node.exe" "C:\\Users\\nguyen.thanh.tuanb\\AppData\\Roaming\\npm\\node_modules\\npm\\bin\\npm-cli.js" "start"
9 error node v7.2.0
10 error npm  v4.0.5
11 error file C:\Users\nguyen.thanh.tuanb\package.json
12 error code EJSONPARSE
13 error Failed to parse json
13 error Unexpected token '}' at 16:1
13 error }
13 error ^
14 error File: C:\Users\nguyen.thanh.tuanb\package.json
15 error Failed to parse package.json data.
15 error package.json must be actual JSON, not just JavaScript.
15 error
15 error This is not a bug in npm.
15 error Tell the package author to fix their package.json file. JSON.parse
16 verbose exit [ 1, true ]
